<?xml version="1.0" encoding="UTF-8"?>
<!-- Generated by org.testng.reporters.JUnitReportReporter -->
<testsuite hostname="SUMITHRA" failures="0" tests="1" name="com.nopcommerce.testCases.TC_LoginTest_001" time="6.600" errors="0" timestamp="2022-04-29T20:21:36 EDT" skipped="0">
  <testcase classname="com.nopcommerce.testCases.TC_LoginTest_001" name="loginTest" time="6.600"/>
  <system-out/>
</testsuite> <!-- com.nopcommerce.testCases.TC_LoginTest_001 -->
