<?xml version="1.0" encoding="UTF-8"?>
<!-- Generated by org.testng.reporters.JUnitReportReporter -->
<testsuite hostname="SUMITHRA" failures="0" tests="1" name="com.nopcommerce.testCases.TC_AddNewCustomerTest_003" time="48.779" errors="0" timestamp="2022-04-29T20:21:36 EDT" skipped="0">
  <testcase classname="com.nopcommerce.testCases.TC_AddNewCustomerTest_003" name="addCustomerTest" time="48.779"/>
  <system-out/>
</testsuite> <!-- com.nopcommerce.testCases.TC_AddNewCustomerTest_003 -->
