<?xml version="1.0" encoding="UTF-8"?>
<!-- Generated by org.testng.reporters.JUnitReportReporter -->
<testsuite skipped="0" hostname="SUMITHRA" name="com.nopcommerce.testCases.TC_AddNewCustomerTest_003" tests="1" failures="0" timestamp="2022-05-01T18:58:52 EDT" time="13.748" errors="0">
  <testcase name="addCustomerTest" time="13.748" classname="com.nopcommerce.testCases.TC_AddNewCustomerTest_003"/>
  <system-out/>
</testsuite> <!-- com.nopcommerce.testCases.TC_AddNewCustomerTest_003 -->
