<?xml version="1.0" encoding="UTF-8"?>
<!-- Generated by org.testng.reporters.JUnitReportReporter -->
<testsuite skipped="0" hostname="SUMITHRA" name="com.nopcommerce.testCases.TC_LoginTest_001" tests="2" failures="0" timestamp="2022-05-01T18:58:52 EDT" time="19.716" errors="0">
  <testcase name="loginTest" time="6.188" classname="com.nopcommerce.testCases.TC_LoginTest_001"/>
  <system-out/>
  <testcase name="loginTest" time="13.528" classname="com.nopcommerce.testCases.TC_LoginTest_001"/>
  <system-out/>
</testsuite> <!-- com.nopcommerce.testCases.TC_LoginTest_001 -->
